HelloAndroidWithLogin/app/build/intermediates/manifest_merge_blame_file/debug/manifest-merger-blame-debug-report.txt
1<?xml version="1.0" encoding="utf-8"?>
2<manifest xmlns:android="http://schemas.android.com/apk/res/android"
3    package="course.examples.helloworldwithlogin"
4    android:versionCode="1"
5    android:versionName="1.0" >
6
7    <uses-sdk
8        android:minSdkVersion="27"
8-->src\main\AndroidManifest.xml
9        android:targetSdkVersion="29" />
9-->src\main\AndroidManifest.xml
10
11    <application
11-->src\main\AndroidManifest.xml:7:5-26:19
12        android:allowBackup="false"
12-->src\main\AndroidManifest.xml:8:9-36
13        android:debuggable="true"
14        android:extractNativeLibs="false"
15        android:icon="@mipmap/ic_launcher"
15-->src\main\AndroidManifest.xml:9:9-43
16        android:label="@string/app_name"
16-->src\main\AndroidManifest.xml:10:9-41
17        android:testOnly="true"
18        android:theme="@style/MaterialTheme" >
18-->src\main\AndroidManifest.xml:11:9-45
19        <activity
19-->src\main\AndroidManifest.xml:12:9-21:20
20            android:name="course.examples.helloworldwithlogin.LoginScreen"
20-->src\main\AndroidManifest.xml:13:13-40
21            android:label="@string/app_name" >
21-->src\main\AndroidManifest.xml:14:13-45
22            <intent-filter>
22-->src\main\AndroidManifest.xml:15:13-19:29
23                <action android:name="android.intent.action.MAIN" />
23-->src\main\AndroidManifest.xml:16:17-69
23-->src\main\AndroidManifest.xml:16:25-66
24
25                <category android:name="android.intent.category.LAUNCHER" />
25-->src\main\AndroidManifest.xml:18:17-77
25-->src\main\AndroidManifest.xml:18:27-74
26            </intent-filter>
27        </activity>
28        <activity
28-->src\main\AndroidManifest.xml:22:9-25:20
29            android:name="course.examples.helloworldwithlogin.HelloAndroid"
29-->src\main\AndroidManifest.xml:23:13-41
30            android:label="@string/app_name" >
30-->src\main\AndroidManifest.xml:24:13-45
31        </activity>
32    </application>
33
34</manifest>